 Registered Module  : EnterData
 Registered Instance: EnterData
 Instance ID        :            1
 
 
Stop Watch File
Keyword: OUTWATCH not found

 Registered Instance: EnterData
 Instance ID        :            1
 
 
Start DTLog File
Keyword: DT_LOG not found

 Registered Module  : Model
 Registered Instance: Model
 Instance ID        :            1
 Registered Instance: EnterData
 Instance ID        :            1
 Registered Instance: EnterData
 Instance ID        :            1
 Registered Module  : Time
 Registered Instance: Time
 Instance ID        :            1
 Registered Instance: EnterData
 Instance ID        :            2
 Registered Module  : HorizontalGrid
 Registered Instance: HorizontalGrid
 Instance ID        :            1
 Registered Instance: EnterData
 Instance ID        :            2
 Registered Instance: EnterData
 Instance ID        :            2
 Registered Module  : GridData
 Registered Instance: GridData
 Instance ID        :            1
 Registered Instance: EnterData
 Instance ID        :            1
 Registered Module  : HorizontalMap
 Registered Instance: HorizontalMap
 Instance ID        :            1
 Registered Module  : Geometry
 Registered Instance: Geometry
 Instance ID        :            1
 Registered Instance: EnterData
 Instance ID        :            1
 Registered Instance: EnterData
 Instance ID        :            1
 Registered Instance: EnterData
 Instance ID        :            1
 Registered Module  : Map
 Registered Instance: Map
 Instance ID        :            1
 Registered Module  : Turbulence
 Registered Instance: Turbulence
 Instance ID        :            1
 Registered Instance: EnterData
 Instance ID        :            1
 Registered Instance: EnterData
 Instance ID        :            1
 Registered Instance: EnterData
 Instance ID        :            1
 Registered Module  : TwoWay
 Registered Instance: TwoWay
 Instance ID        :            1
 Registered Module  : Hydrodynamic
 Registered Instance: Hydrodynamic
 Instance ID        :            1
 Registered Instance: EnterData
 Instance ID        :            1
 Registered Instance: EnterData
 Instance ID        :            1
 Registered Instance: EnterData
 Instance ID        :            1
 Registered Instance: EnterData
 Instance ID        :            1
 
 
Hydrodynamic properties initial values in HDF format.                                                                           
Keyword: IN_CNDI not found

WARNING    KEYWORD    Keyword IN_CNDI not found - ModuleHydrodynamic.
 Registered Instance: EnterData
 Instance ID        :            1
 Registered Instance: EnterData
 Instance ID        :            1
WARNING    KEYWORD    Verify_Numerical_Options - Hydrodynamic - WRN21..
 Registered Instance: HDF5
 Instance ID        :            1
 Registered Module  : OpenBoundary
 Registered Instance: OpenBoundary
 Instance ID        :            1
 Registered Module  : Discharges
 Registered Instance: Discharges
 Instance ID        :            1
 Registered Instance: EnterData
 Instance ID        :            2
 Registered Instance: EnterData
 Instance ID        :            2
 Registered Module  : TimeSerie
 Registered Instance: TimeSerie
 Instance ID        :            1
 Registered Instance: EnterData
 Instance ID        :            3
 Registered Instance: TimeSerie
 Instance ID        :            2
 Registered Instance: EnterData
 Instance ID        :            3
 Registered Instance: TimeSerie
 Instance ID        :            3
 Registered Instance: EnterData
 Instance ID        :            3
 Registered Instance: TimeSerie
 Instance ID        :            4
 Registered Instance: EnterData
 Instance ID        :            3
 Registered Instance: TimeSerie
 Instance ID        :            5
 Registered Instance: EnterData
 Instance ID        :            3
 Registered Instance: TimeSerie
 Instance ID        :            6
 Registered Instance: EnterData
 Instance ID        :            3
 Registered Instance: TimeSerie
 Instance ID        :            7
 Registered Instance: EnterData
 Instance ID        :            3
 Registered Instance: TimeSerie
 Instance ID        :            8
 Registered Instance: EnterData
 Instance ID        :            3
 Registered Module  : Assimilation
 Registered Instance: Assimilation
 Instance ID        :            1
 Registered Instance: EnterData
 Instance ID        :            2
 Registered Instance: EnterData
 Instance ID        :            2
 Registered Instance: EnterData
 Instance ID        :            2
 Registered Module  : FillMatrix
 Registered Instance: FillMatrix
 Instance ID        :            1
 Registered Instance: EnterData
 Instance ID        :            3
 Registered Instance: HorizontalGrid
 Instance ID        :            2
 Registered Instance: EnterData
 Instance ID        :            3
 Registered Module  : Field4D
 Registered Instance: Field4D
 Instance ID        :            1
 Registered Instance: HDF5
 Instance ID        :            2
 Registered Instance: HorizontalGrid
 Instance ID        :            2
 Registered Instance: GridData
 Instance ID        :            2
 Registered Instance: HorizontalMap
 Instance ID        :            2
 Registered Instance: FillMatrix
 Instance ID        :            2
 Registered Instance: FillMatrix
 Instance ID        :            2
 Registered Instance: EnterData
 Instance ID        :            3
 Registered Instance: HorizontalGrid
 Instance ID        :            3
 Registered Instance: EnterData
 Instance ID        :            3
 Registered Instance: Field4D
 Instance ID        :            2
 Registered Instance: HDF5
 Instance ID        :            3
 Registered Instance: HorizontalGrid
 Instance ID        :            3
 Registered Instance: GridData
 Instance ID        :            3
 Registered Instance: HorizontalMap
 Instance ID        :            3
 Registered Instance: FillMatrix
 Instance ID        :            3
 Registered Instance: FillMatrix
 Instance ID        :            3
 Registered Instance: EnterData
 Instance ID        :            3
 Registered Instance: HorizontalGrid
 Instance ID        :            4
 Registered Instance: EnterData
 Instance ID        :            3
 Registered Instance: Field4D
 Instance ID        :            3
 Registered Instance: HDF5
 Instance ID        :            4
 Registered Instance: HorizontalGrid
 Instance ID        :            4
 Registered Instance: GridData
 Instance ID        :            4
 Registered Instance: HorizontalMap
 Instance ID        :            4
 Registered Instance: FillMatrix
 Instance ID        :            4
 Registered Instance: HDF5
 Instance ID        :            5
 Registered Module  : WaterProperties
 Registered Instance: WaterProperties
 Instance ID        :            1
 Registered Instance: EnterData
 Instance ID        :            1
 Registered Instance: EnterData
 Instance ID        :            1
 Registered Instance: EnterData
 Instance ID        :            1
 Registered Instance: EnterData
 Instance ID        :            1
 
 
Water properties initial values in HDF format.                                                                                  
Keyword: EUL_INI not found

 Registered Instance: EnterData
 Instance ID        :            1
 Registered Module  : InterfaceWaterSediment
 Registered Instance: InterfaceWaterSediment
 Instance ID        :            1
 Registered Instance: EnterData
 Instance ID        :            1
 Registered Instance: EnterData
 Instance ID        :            1
 Registered Instance: EnterData
 Instance ID        :            1
 Registered Instance: EnterData
 Instance ID        :            1
 
 
Bottom properties initial values in HDF format.                                                                                 
Keyword: BOT_INI not found

WARNING    KEYWORD    Keyword BOT_INI not found - StartInterfaceSedimentWater - ModuleInterfaceSedimentWater.
 Registered Instance: EnterData
 Instance ID        :            1
 Registered Instance: FillMatrix
 Instance ID        :            4
 Registered Instance: GridData
 Instance ID        :            5
 Registered Instance: EnterData
 Instance ID        :            2
 Registered Module  : Atmosphere
 Registered Instance: Atmosphere
 Instance ID        :            1
 Registered Instance: EnterData
 Instance ID        :            1
 Registered Instance: EnterData
 Instance ID        :            1
 Registered Instance: EnterData
 Instance ID        :            1
 Registered Module  : InterfaceWaterAir
 Registered Instance: InterfaceWaterAir
 Instance ID        :            1
 Registered Instance: EnterData
 Instance ID        :            1
 Registered Instance: EnterData
 Instance ID        :            1
 Registered Instance: EnterData
 Instance ID        :            1
 Registered Instance: FillMatrix
 Instance ID        :            4
